

============================== 2023-04-04 17:25:05.319857 | 44e4a9b7-c23c-4014-bc26-73aa9c7619f4 ==============================
[0m17:25:05.319857 [info ] [MainThread]: Running with dbt=1.4.5
[0m17:25:05.324584 [debug] [MainThread]: running dbt with arguments {'write_json': True, 'use_colors': True, 'printer_width': 80, 'version_check': True, 'partial_parse': True, 'static_parser': True, 'profiles_dir': 'C:\\Users\\Sai Krishna\\.dbt', 'send_anonymous_usage_stats': True, 'quiet': False, 'no_print': False, 'cache_selected_only': False, 'project_name': 'demo_dbt', 'skip_profile_setup': False, 'which': 'init', 'indirect_selection': 'eager'}
[0m17:25:05.327786 [debug] [MainThread]: Tracking: tracking
[0m17:25:05.357406 [debug] [MainThread]: Sending event: {'category': 'dbt', 'action': 'invocation', 'label': 'start', 'context': [<snowplow_tracker.self_describing_json.SelfDescribingJson object at 0x000001E51326A090>, <snowplow_tracker.self_describing_json.SelfDescribingJson object at 0x000001E513277910>, <snowplow_tracker.self_describing_json.SelfDescribingJson object at 0x000001E5134AF9D0>]}
[0m17:25:05.359565 [debug] [MainThread]: Starter project path: C:\Users\Sai Krishna\AppData\Local\Programs\Python\Python311\Lib\site-packages\dbt\include\starter_project
[0m17:27:56.782754 [info ] [MainThread]: Profile demo_dbt written to C:\Users\Sai Krishna\.dbt\profiles.yml using target's profile_template.yml and your supplied values. Run 'dbt debug' to validate the connection.
[0m17:27:56.782754 [info ] [MainThread]: 
Your new dbt project "demo_dbt" was created!

For more information on how to configure the profiles.yml file,
please consult the dbt documentation here:

  https://docs.getdbt.com/docs/configure-your-profile

One more thing:

Need help? Don't hesitate to reach out to us via GitHub issues or on Slack:

  https://community.getdbt.com/

Happy modeling!

[0m17:27:56.782754 [debug] [MainThread]: Sending event: {'category': 'dbt', 'action': 'invocation', 'label': 'end', 'context': [<snowplow_tracker.self_describing_json.SelfDescribingJson object at 0x000001E513576C90>, <snowplow_tracker.self_describing_json.SelfDescribingJson object at 0x000001E513975510>, <snowplow_tracker.self_describing_json.SelfDescribingJson object at 0x000001E5139764D0>]}
[0m17:27:56.782754 [debug] [MainThread]: Flushing usage events


============================== 2023-04-04 17:35:44.526749 | 897fd807-59a6-44e4-8e94-592abf79f19e ==============================
[0m17:35:44.526749 [info ] [MainThread]: Running with dbt=1.4.5
[0m17:35:44.527827 [debug] [MainThread]: running dbt with arguments {'write_json': True, 'use_colors': True, 'printer_width': 80, 'version_check': True, 'partial_parse': True, 'static_parser': True, 'profiles_dir': 'C:\\Users\\Sai Krishna\\.dbt', 'send_anonymous_usage_stats': True, 'quiet': False, 'no_print': False, 'cache_selected_only': False, 'config_dir': False, 'which': 'debug', 'indirect_selection': 'eager'}
[0m17:35:44.527827 [debug] [MainThread]: Tracking: tracking
[0m17:35:44.546051 [debug] [MainThread]: Sending event: {'category': 'dbt', 'action': 'invocation', 'label': 'start', 'context': [<snowplow_tracker.self_describing_json.SelfDescribingJson object at 0x0000022FFD59E590>, <snowplow_tracker.self_describing_json.SelfDescribingJson object at 0x0000022FFD8A4650>, <snowplow_tracker.self_describing_json.SelfDescribingJson object at 0x0000022FFD8A5F10>]}
[0m17:35:46.087784 [debug] [MainThread]: Executing "git --help"
[0m17:35:46.210578 [debug] [MainThread]: STDOUT: "b"usage: git [-v | --version] [-h | --help] [-C <path>] [-c <name>=<value>]\n           [--exec-path[=<path>]] [--html-path] [--man-path] [--info-path]\n           [-p | --paginate | -P | --no-pager] [--no-replace-objects] [--bare]\n           [--git-dir=<path>] [--work-tree=<path>] [--namespace=<name>]\n           [--super-prefix=<path>] [--config-env=<name>=<envvar>]\n           <command> [<args>]\n\nThese are common Git commands used in various situations:\n\nstart a working area (see also: git help tutorial)\n   clone     Clone a repository into a new directory\n   init      Create an empty Git repository or reinitialize an existing one\n\nwork on the current change (see also: git help everyday)\n   add       Add file contents to the index\n   mv        Move or rename a file, a directory, or a symlink\n   restore   Restore working tree files\n   rm        Remove files from the working tree and from the index\n\nexamine the history and state (see also: git help revisions)\n   bisect    Use binary search to find the commit that introduced a bug\n   diff      Show changes between commits, commit and working tree, etc\n   grep      Print lines matching a pattern\n   log       Show commit logs\n   show      Show various types of objects\n   status    Show the working tree status\n\ngrow, mark and tweak your common history\n   branch    List, create, or delete branches\n   commit    Record changes to the repository\n   merge     Join two or more development histories together\n   rebase    Reapply commits on top of another base tip\n   reset     Reset current HEAD to the specified state\n   switch    Switch branches\n   tag       Create, list, delete or verify a tag object signed with GPG\n\ncollaborate (see also: git help workflows)\n   fetch     Download objects and refs from another repository\n   pull      Fetch from and integrate with another repository or a local branch\n   push      Update remote refs along with associated objects\n\n'git help -a' and 'git help -g' list available subcommands and some\nconcept guides. See 'git help <command>' or 'git help <concept>'\nto read about a specific subcommand or concept.\nSee 'git help git' for an overview of the system.\n""
[0m17:35:46.210578 [debug] [MainThread]: STDERR: "b''"
[0m17:35:46.210578 [debug] [MainThread]: Sending event: {'category': 'dbt', 'action': 'invocation', 'label': 'end', 'context': [<snowplow_tracker.self_describing_json.SelfDescribingJson object at 0x0000022FFDD6AC10>, <snowplow_tracker.self_describing_json.SelfDescribingJson object at 0x0000022FFFD92A50>, <snowplow_tracker.self_describing_json.SelfDescribingJson object at 0x0000022F9E1AB4D0>]}
[0m17:35:46.210578 [debug] [MainThread]: Flushing usage events
